This file contains any messages produced by compilers while
running configure, to aid debugging if configure makes a mistake.

It was created by AMOS Assembler configure 3.1.0, which was
generated by GNU Autoconf 2.68.  Invocation command line was

  $ ./configure --prefix=/Users/DBest/bin

## --------- ##
## Platform. ##
## --------- ##

hostname = DBest-M83.local.dhcp.lbl.gov
uname -m = x86_64
uname -r = 19.6.0
uname -s = Darwin
uname -v = Darwin Kernel Version 19.6.0: Tue Jan 12 22:13:05 PST 2021; root:xnu-6153.141.16~1/RELEASE_X86_64

/usr/bin/uname -p = i386
/bin/uname -X     = unknown

/bin/arch              = unknown
/usr/bin/arch -k       = unknown
/usr/convex/getsysinfo = unknown
/usr/bin/hostinfo      = Mach kernel version:
	 Darwin Kernel Version 19.6.0: Tue Jan 12 22:13:05 PST 2021; root:xnu-6153.141.16~1/RELEASE_X86_64
Kernel configured for up to 16 processors.
8 processors are physically available.
16 processors are logically available.
Processor type: x86_64h (Intel x86-64h Haswell)
Processors active: 0 1 2 3 4 5 6 7 8 9 10 11 12 13 14 15
Primary memory available: 16.00 gigabytes
Default processor set: 462 tasks, 2501 threads, 16 processors
Load average: 1.49, Mach factor: 14.50
/bin/machine           = unknown
/usr/bin/oslevel       = unknown
/bin/universe          = unknown

PATH: /global/projectb/sandbox/gaag/bbtools/sambamba
PATH: /global/projectb/sandbox/gaag/bbtools/samtools_cori/bin
PATH: /global/projectb/sandbox/gaag/bbtools/pigz2/pigz-2.4
PATH: /global/projectb/sandbox/gaag/bbtools/java/jdk-11.0.2/bin
PATH: /global/projectb/sandbox/gaag/bbtools/lbzip2/bin
PATH: /global/projectb/sandbox/gaag/bbtools/bgzip
PATH: /Users/DBest/opt/anaconda3/envs/assemblers/bin
PATH: /Users/DBest/opt/anaconda3/condabin
PATH: /usr/local/Caskroom/google-cloud-sdk/latest/google-cloud-sdk/bin
PATH: /usr/local/bin
PATH: /usr/bin
PATH: /bin
PATH: /usr/sbin
PATH: /sbin
PATH: /Library/TeX/texbin
PATH: /usr/local/sbin
PATH: /Users/DBest/bin
PATH: .
PATH: /usr/local/texlive/2020/bin/x86_64-darwin
PATH: /Users/DBest/Software/hmmer-3.3.1/bin
PATH: /Users/DBest/Software/centrifuge
PATH: /Users/DBest/Software/Prodigal
PATH: /Users/DBest/Software/bbmap
PATH: /Users/DBest/Analysis/plasmid/deeplasmid
PATH: /Users/DBest/Software/dotPlotly
PATH: /Users/DBest/.local/bin


## ----------- ##
## Core tests. ##
## ----------- ##

configure:2376: checking for a BSD-compatible install
configure:2444: result: /usr/bin/install -c
configure:2455: checking whether build environment is sane
configure:2505: result: yes
configure:2646: checking for a thread-safe mkdir -p
configure:2685: result: config/install-sh -c -d
configure:2698: checking for gawk
configure:2728: result: no
configure:2698: checking for mawk
configure:2728: result: no
configure:2698: checking for nawk
configure:2728: result: no
configure:2698: checking for awk
configure:2714: found /usr/bin/awk
configure:2725: result: awk
configure:2736: checking whether make sets $(MAKE)
configure:2758: result: yes
configure:2920: checking for g++
configure:2936: found /usr/bin/g++
configure:2947: result: g++
configure:2974: checking for C++ compiler version
configure:2983: g++ --version >&5
Apple clang version 12.0.0 (clang-1200.0.31.1)
Target: x86_64-apple-darwin19.6.0
Thread model: posix
InstalledDir: /Library/Developer/CommandLineTools/usr/bin
Configured with: --prefix=/Library/Developer/CommandLineTools/usr --with-gxx-include-dir=/Library/Developer/CommandLineTools/SDKs/MacOSX10.15.sdk/usr/include/c++/4.2.1
configure:2994: $? = 0
configure:2983: g++ -v >&5
Configured with: --prefix=/Library/Developer/CommandLineTools/usr --with-gxx-include-dir=/Library/Developer/CommandLineTools/SDKs/MacOSX10.15.sdk/usr/include/c++/4.2.1
Apple clang version 12.0.0 (clang-1200.0.31.1)
Target: x86_64-apple-darwin19.6.0
Thread model: posix
InstalledDir: /Library/Developer/CommandLineTools/usr/bin
configure:2994: $? = 0
configure:2983: g++ -V >&5
clang: error: argument to '-V' is missing (expected 1 value)
clang: error: no input files
configure:2994: $? = 1
configure:2983: g++ -qversion >&5
clang: error: unknown argument '-qversion'; did you mean '--version'?
clang: error: no input files
configure:2994: $? = 1
configure:3014: checking whether the C++ compiler works
configure:3036: g++    conftest.cpp  >&5
configure:3040: $? = 0
configure:3088: result: yes
configure:3091: checking for C++ compiler default output file name
configure:3093: result: a.out
configure:3099: checking for suffix of executables
configure:3106: g++ -o conftest    conftest.cpp  >&5
configure:3110: $? = 0
configure:3132: result: 
configure:3154: checking whether we are cross compiling
configure:3162: g++ -o conftest    conftest.cpp  >&5
configure:3166: $? = 0
configure:3173: ./conftest
configure:3177: $? = 0
configure:3192: result: no
configure:3197: checking for suffix of object files
configure:3219: g++ -c   conftest.cpp >&5
configure:3223: $? = 0
configure:3244: result: o
configure:3248: checking whether we are using the GNU C++ compiler
configure:3267: g++ -c   conftest.cpp >&5
configure:3267: $? = 0
configure:3276: result: yes
configure:3285: checking whether g++ accepts -g
configure:3305: g++ -c -g  conftest.cpp >&5
configure:3305: $? = 0
configure:3346: result: yes
configure:3380: checking for style of include used by make
configure:3408: result: GNU
configure:3433: checking dependency style of g++
configure:3543: result: gcc3
configure:3606: checking for gcc
configure:3622: found /usr/bin/gcc
configure:3633: result: gcc
configure:3862: checking for C compiler version
configure:3871: gcc --version >&5
Apple clang version 12.0.0 (clang-1200.0.31.1)
Target: x86_64-apple-darwin19.6.0
Thread model: posix
InstalledDir: /Library/Developer/CommandLineTools/usr/bin
Configured with: --prefix=/Library/Developer/CommandLineTools/usr --with-gxx-include-dir=/Library/Developer/CommandLineTools/SDKs/MacOSX10.15.sdk/usr/include/c++/4.2.1
configure:3882: $? = 0
configure:3871: gcc -v >&5
Configured with: --prefix=/Library/Developer/CommandLineTools/usr --with-gxx-include-dir=/Library/Developer/CommandLineTools/SDKs/MacOSX10.15.sdk/usr/include/c++/4.2.1
Apple clang version 12.0.0 (clang-1200.0.31.1)
Target: x86_64-apple-darwin19.6.0
Thread model: posix
InstalledDir: /Library/Developer/CommandLineTools/usr/bin
configure:3882: $? = 0
configure:3871: gcc -V >&5
clang: error: argument to '-V' is missing (expected 1 value)
clang: error: no input files
configure:3882: $? = 1
configure:3871: gcc -qversion >&5
clang: error: unknown argument '-qversion'; did you mean '--version'?
clang: error: no input files
configure:3882: $? = 1
configure:3886: checking whether we are using the GNU C compiler
configure:3905: gcc -c   conftest.c >&5
configure:3905: $? = 0
configure:3914: result: yes
configure:3923: checking whether gcc accepts -g
configure:3943: gcc -c -g  conftest.c >&5
configure:3943: $? = 0
configure:3984: result: yes
configure:4001: checking for gcc option to accept ISO C89
configure:4065: gcc  -c -g -O2  conftest.c >&5
configure:4065: $? = 0
configure:4078: result: none needed
configure:4100: checking dependency style of gcc
configure:4210: result: gcc3
configure:4229: checking for gawk
configure:4256: result: awk
configure:4268: checking whether ln -s works
configure:4272: result: yes
configure:4322: checking for ranlib
configure:4338: found /usr/bin/ranlib
configure:4349: result: ranlib
configure:4376: checking how to run the C preprocessor
configure:4407: gcc -E  conftest.c
configure:4407: $? = 0
configure:4421: gcc -E  conftest.c
conftest.c:11:10: fatal error: 'ac_nonexistent.h' file not found
#include <ac_nonexistent.h>
         ^~~~~~~~~~~~~~~~~~
1 error generated.
configure:4421: $? = 1
configure: failed program was:
| /* confdefs.h */
| #define PACKAGE_NAME "AMOS Assembler"
| #define PACKAGE_TARNAME "amos"
| #define PACKAGE_VERSION "3.1.0"
| #define PACKAGE_STRING "AMOS Assembler 3.1.0"
| #define PACKAGE_BUGREPORT "amos-help@lists.sourceforge.net"
| #define PACKAGE_URL ""
| #define PACKAGE "amos"
| #define VERSION "3.1.0"
| /* end confdefs.h.  */
| #include <ac_nonexistent.h>
configure:4446: result: gcc -E
configure:4466: gcc -E  conftest.c
configure:4466: $? = 0
configure:4480: gcc -E  conftest.c
conftest.c:11:10: fatal error: 'ac_nonexistent.h' file not found
#include <ac_nonexistent.h>
         ^~~~~~~~~~~~~~~~~~
1 error generated.
configure:4480: $? = 1
configure: failed program was:
| /* confdefs.h */
| #define PACKAGE_NAME "AMOS Assembler"
| #define PACKAGE_TARNAME "amos"
| #define PACKAGE_VERSION "3.1.0"
| #define PACKAGE_STRING "AMOS Assembler 3.1.0"
| #define PACKAGE_BUGREPORT "amos-help@lists.sourceforge.net"
| #define PACKAGE_URL ""
| #define PACKAGE "amos"
| #define VERSION "3.1.0"
| /* end confdefs.h.  */
| #include <ac_nonexistent.h>
configure:4510: checking for perl
configure:4528: found /Users/DBest/opt/anaconda3/envs/assemblers/bin/perl
configure:4541: result: /Users/DBest/opt/anaconda3/envs/assemblers/bin/perl
configure:4551: checking for python
configure:4569: found /Users/DBest/opt/anaconda3/envs/assemblers/bin/python
configure:4582: result: /Users/DBest/opt/anaconda3/envs/assemblers/bin/python
configure:4592: checking for nucmer
configure:4610: found /Users/DBest/opt/anaconda3/envs/assemblers/bin/nucmer
configure:4623: result: /Users/DBest/opt/anaconda3/envs/assemblers/bin/nucmer
configure:4633: checking for delta-filter
configure:4651: found /Users/DBest/opt/anaconda3/envs/assemblers/bin/delta-filter
configure:4664: result: /Users/DBest/opt/anaconda3/envs/assemblers/bin/delta-filter
configure:4674: checking for show-coords
configure:4692: found /Users/DBest/opt/anaconda3/envs/assemblers/bin/show-coords
configure:4705: result: /Users/DBest/opt/anaconda3/envs/assemblers/bin/show-coords
configure:4715: checking for blat
configure:4746: result: :
configure:4804: checking for perl module Statistics::Descriptive
configure:4810: result: no
configure:4876: checking for perl module XML::Parser
configure:4882: result: no
configure:4948: checking for perl module DBI
configure:4954: result: no
configure:4978: checking for pow in -lm
configure:5003: gcc -o conftest -g -O2   conftest.c -lm   >&5
conftest.c:18:6: warning: incompatible redeclaration of library function 'pow' [-Wincompatible-library-redeclaration]
char pow ();
     ^
conftest.c:18:6: note: 'pow' is a builtin with type 'double (double, double)'
1 warning generated.
configure:5003: $? = 0
configure:5012: result: yes
configure:5023: checking for fopen in -lc
configure:5048: gcc -o conftest -g -O2   conftest.c -lc  -lm  >&5
conftest.c:19:6: warning: declaration of built-in function 'fopen' requires inclusion of the header <stdio.h> [-Wbuiltin-requires-header]
char fopen ();
     ^
1 warning generated.
configure:5048: $? = 0
configure:5057: result: yes
configure:5068: checking for main in -lz
configure:5087: gcc -o conftest -g -O2   conftest.c -lz  -lc -lm  >&5
configure:5087: $? = 0
configure:5096: result: yes
configure:5117: checking for dirent.h that defines DIR
configure:5136: gcc -c -g -O2  conftest.c >&5
configure:5136: $? = 0
configure:5144: result: yes
configure:5157: checking for library containing opendir
configure:5188: gcc -o conftest -g -O2   conftest.c -lz -lc -lm  >&5
configure:5188: $? = 0
configure:5205: result: none required
configure:5273: checking for grep that handles long lines and -e
configure:5331: result: /usr/bin/grep
configure:5336: checking for egrep
configure:5398: result: /usr/bin/grep -E
configure:5403: checking for ANSI C header files
configure:5423: gcc -c -g -O2  conftest.c >&5
configure:5423: $? = 0
configure:5496: gcc -o conftest -g -O2   conftest.c -lz -lc -lm  >&5
configure:5496: $? = 0
configure:5496: ./conftest
configure:5496: $? = 0
configure:5507: result: yes
configure:5515: checking for sys/wait.h that is POSIX.1 compatible
configure:5541: gcc -c -g -O2  conftest.c >&5
configure:5541: $? = 0
configure:5548: result: yes
configure:5561: checking for sys/types.h
configure:5561: gcc -c -g -O2  conftest.c >&5
configure:5561: $? = 0
configure:5561: result: yes
configure:5561: checking for sys/stat.h
configure:5561: gcc -c -g -O2  conftest.c >&5
configure:5561: $? = 0
configure:5561: result: yes
configure:5561: checking for stdlib.h
configure:5561: gcc -c -g -O2  conftest.c >&5
configure:5561: $? = 0
configure:5561: result: yes
configure:5561: checking for string.h
configure:5561: gcc -c -g -O2  conftest.c >&5
configure:5561: $? = 0
configure:5561: result: yes
configure:5561: checking for memory.h
configure:5561: gcc -c -g -O2  conftest.c >&5
configure:5561: $? = 0
configure:5561: result: yes
configure:5561: checking for strings.h
configure:5561: gcc -c -g -O2  conftest.c >&5
configure:5561: $? = 0
configure:5561: result: yes
configure:5561: checking for inttypes.h
configure:5561: gcc -c -g -O2  conftest.c >&5
configure:5561: $? = 0
configure:5561: result: yes
configure:5561: checking for stdint.h
configure:5561: gcc -c -g -O2  conftest.c >&5
configure:5561: $? = 0
configure:5561: result: yes
configure:5561: checking for unistd.h
configure:5561: gcc -c -g -O2  conftest.c >&5
configure:5561: $? = 0
configure:5561: result: yes
configure:5582: checking fcntl.h usability
configure:5582: gcc -c -g -O2  conftest.c >&5
configure:5582: $? = 0
configure:5582: result: yes
configure:5582: checking fcntl.h presence
configure:5582: gcc -E  conftest.c
configure:5582: $? = 0
configure:5582: result: yes
configure:5582: checking for fcntl.h
configure:5582: result: yes
configure:5582: checking for inttypes.h
configure:5582: result: yes
configure:5582: checking limits.h usability
configure:5582: gcc -c -g -O2  conftest.c >&5
configure:5582: $? = 0
configure:5582: result: yes
configure:5582: checking limits.h presence
configure:5582: gcc -E  conftest.c
configure:5582: $? = 0
configure:5582: result: yes
configure:5582: checking for limits.h
configure:5582: result: yes
configure:5582: checking for stdlib.h
configure:5582: result: yes
configure:5582: checking for unistd.h
configure:5582: result: yes
configure:5597: checking for stdbool.h that conforms to C99
configure:5664: gcc -c -g -O2  conftest.c >&5
conftest.c:80:12: warning: address of 's' will always evaluate to 'true' [-Wpointer-bool-conversion]
        bool e = &s;
             ~    ^
conftest.c:84:11: warning: address of array 'a' will always evaluate to 'true' [-Wpointer-bool-conversion]
        return (!a + !b + !c + !d + !e + !f + !g + !h + !i + !!j + !k + !!l
                ~^
conftest.c:84:16: warning: address of array 'b' will always evaluate to 'true' [-Wpointer-bool-conversion]
        return (!a + !b + !c + !d + !e + !f + !g + !h + !i + !!j + !k + !!l
                     ~^
conftest.c:84:21: warning: address of array 'c' will always evaluate to 'true' [-Wpointer-bool-conversion]
        return (!a + !b + !c + !d + !e + !f + !g + !h + !i + !!j + !k + !!l
                          ~^
conftest.c:84:26: warning: address of array 'd' will always evaluate to 'true' [-Wpointer-bool-conversion]
        return (!a + !b + !c + !d + !e + !f + !g + !h + !i + !!j + !k + !!l
                               ~^
conftest.c:84:36: warning: address of array 'f' will always evaluate to 'true' [-Wpointer-bool-conversion]
        return (!a + !b + !c + !d + !e + !f + !g + !h + !i + !!j + !k + !!l
                                         ~^
conftest.c:84:41: warning: address of array 'g' will always evaluate to 'true' [-Wpointer-bool-conversion]
        return (!a + !b + !c + !d + !e + !f + !g + !h + !i + !!j + !k + !!l
                                              ~^
conftest.c:84:46: warning: address of array 'h' will always evaluate to 'true' [-Wpointer-bool-conversion]
        return (!a + !b + !c + !d + !e + !f + !g + !h + !i + !!j + !k + !!l
                                                   ~^
conftest.c:84:51: warning: address of array 'i' will always evaluate to 'true' [-Wpointer-bool-conversion]
        return (!a + !b + !c + !d + !e + !f + !g + !h + !i + !!j + !k + !!l
                                                        ~^
conftest.c:85:11: warning: address of array 'n' will always evaluate to 'true' [-Wpointer-bool-conversion]
                       ~^
conftest.c:85:16: warning: address of array 'o' will always evaluate to 'true' [-Wpointer-bool-conversion]
                            ~^
conftest.c:85:21: warning: address of array 'p' will always evaluate to 'true' [-Wpointer-bool-conversion]
                                 ~^
12 warnings generated.
configure:5664: $? = 0
configure:5671: result: yes
configure:5673: checking for _Bool
configure:5673: gcc -c -g -O2  conftest.c >&5
configure:5673: $? = 0
configure:5673: gcc -c -g -O2  conftest.c >&5
conftest.c:67:20: error: expected expression
if (sizeof ((_Bool)))
                   ^
1 error generated.
configure:5673: $? = 1
configure: failed program was:
| /* confdefs.h */
| #define PACKAGE_NAME "AMOS Assembler"
| #define PACKAGE_TARNAME "amos"
| #define PACKAGE_VERSION "3.1.0"
| #define PACKAGE_STRING "AMOS Assembler 3.1.0"
| #define PACKAGE_BUGREPORT "amos-help@lists.sourceforge.net"
| #define PACKAGE_URL ""
| #define PACKAGE "amos"
| #define VERSION "3.1.0"
| #define HAVE_LIBM 1
| #define HAVE_LIBC 1
| #define HAVE_LIBZ 1
| #define HAVE_DIRENT_H 1
| #define STDC_HEADERS 1
| #define HAVE_SYS_WAIT_H 1
| #define HAVE_SYS_TYPES_H 1
| #define HAVE_SYS_STAT_H 1
| #define HAVE_STDLIB_H 1
| #define HAVE_STRING_H 1
| #define HAVE_MEMORY_H 1
| #define HAVE_STRINGS_H 1
| #define HAVE_INTTYPES_H 1
| #define HAVE_STDINT_H 1
| #define HAVE_UNISTD_H 1
| #define HAVE_FCNTL_H 1
| #define HAVE_INTTYPES_H 1
| #define HAVE_LIMITS_H 1
| #define HAVE_STDLIB_H 1
| #define HAVE_UNISTD_H 1
| /* end confdefs.h.  */
| #include <stdio.h>
| #ifdef HAVE_SYS_TYPES_H
| # include <sys/types.h>
| #endif
| #ifdef HAVE_SYS_STAT_H
| # include <sys/stat.h>
| #endif
| #ifdef STDC_HEADERS
| # include <stdlib.h>
| # include <stddef.h>
| #else
| # ifdef HAVE_STDLIB_H
| #  include <stdlib.h>
| # endif
| #endif
| #ifdef HAVE_STRING_H
| # if !defined STDC_HEADERS && defined HAVE_MEMORY_H
| #  include <memory.h>
| # endif
| # include <string.h>
| #endif
| #ifdef HAVE_STRINGS_H
| # include <strings.h>
| #endif
| #ifdef HAVE_INTTYPES_H
| # include <inttypes.h>
| #endif
| #ifdef HAVE_STDINT_H
| # include <stdint.h>
| #endif
| #ifdef HAVE_UNISTD_H
| # include <unistd.h>
| #endif
| int
| main ()
| {
| if (sizeof ((_Bool)))
| 	    return 0;
|   ;
|   return 0;
| }
configure:5673: result: yes
configure:5689: checking for an ANSI C-conforming const
configure:5754: gcc -c -g -O2  conftest.c >&5
configure:5754: $? = 0
configure:5761: result: yes
configure:5769: checking for inline
configure:5785: gcc -c -g -O2  conftest.c >&5
configure:5785: $? = 0
configure:5793: result: inline
configure:5811: checking for pid_t
configure:5811: gcc -c -g -O2  conftest.c >&5
configure:5811: $? = 0
configure:5811: gcc -c -g -O2  conftest.c >&5
conftest.c:69:20: error: expected expression
if (sizeof ((pid_t)))
                   ^
1 error generated.
configure:5811: $? = 1
configure: failed program was:
| /* confdefs.h */
| #define PACKAGE_NAME "AMOS Assembler"
| #define PACKAGE_TARNAME "amos"
| #define PACKAGE_VERSION "3.1.0"
| #define PACKAGE_STRING "AMOS Assembler 3.1.0"
| #define PACKAGE_BUGREPORT "amos-help@lists.sourceforge.net"
| #define PACKAGE_URL ""
| #define PACKAGE "amos"
| #define VERSION "3.1.0"
| #define HAVE_LIBM 1
| #define HAVE_LIBC 1
| #define HAVE_LIBZ 1
| #define HAVE_DIRENT_H 1
| #define STDC_HEADERS 1
| #define HAVE_SYS_WAIT_H 1
| #define HAVE_SYS_TYPES_H 1
| #define HAVE_SYS_STAT_H 1
| #define HAVE_STDLIB_H 1
| #define HAVE_STRING_H 1
| #define HAVE_MEMORY_H 1
| #define HAVE_STRINGS_H 1
| #define HAVE_INTTYPES_H 1
| #define HAVE_STDINT_H 1
| #define HAVE_UNISTD_H 1
| #define HAVE_FCNTL_H 1
| #define HAVE_INTTYPES_H 1
| #define HAVE_LIMITS_H 1
| #define HAVE_STDLIB_H 1
| #define HAVE_UNISTD_H 1
| #define HAVE__BOOL 1
| #define HAVE_STDBOOL_H 1
| /* end confdefs.h.  */
| #include <stdio.h>
| #ifdef HAVE_SYS_TYPES_H
| # include <sys/types.h>
| #endif
| #ifdef HAVE_SYS_STAT_H
| # include <sys/stat.h>
| #endif
| #ifdef STDC_HEADERS
| # include <stdlib.h>
| # include <stddef.h>
| #else
| # ifdef HAVE_STDLIB_H
| #  include <stdlib.h>
| # endif
| #endif
| #ifdef HAVE_STRING_H
| # if !defined STDC_HEADERS && defined HAVE_MEMORY_H
| #  include <memory.h>
| # endif
| # include <string.h>
| #endif
| #ifdef HAVE_STRINGS_H
| # include <strings.h>
| #endif
| #ifdef HAVE_INTTYPES_H
| # include <inttypes.h>
| #endif
| #ifdef HAVE_STDINT_H
| # include <stdint.h>
| #endif
| #ifdef HAVE_UNISTD_H
| # include <unistd.h>
| #endif
| int
| main ()
| {
| if (sizeof ((pid_t)))
| 	    return 0;
|   ;
|   return 0;
| }
configure:5811: result: yes
configure:5822: checking for size_t
configure:5822: gcc -c -g -O2  conftest.c >&5
configure:5822: $? = 0
configure:5822: gcc -c -g -O2  conftest.c >&5
conftest.c:69:21: error: expected expression
if (sizeof ((size_t)))
                    ^
1 error generated.
configure:5822: $? = 1
configure: failed program was:
| /* confdefs.h */
| #define PACKAGE_NAME "AMOS Assembler"
| #define PACKAGE_TARNAME "amos"
| #define PACKAGE_VERSION "3.1.0"
| #define PACKAGE_STRING "AMOS Assembler 3.1.0"
| #define PACKAGE_BUGREPORT "amos-help@lists.sourceforge.net"
| #define PACKAGE_URL ""
| #define PACKAGE "amos"
| #define VERSION "3.1.0"
| #define HAVE_LIBM 1
| #define HAVE_LIBC 1
| #define HAVE_LIBZ 1
| #define HAVE_DIRENT_H 1
| #define STDC_HEADERS 1
| #define HAVE_SYS_WAIT_H 1
| #define HAVE_SYS_TYPES_H 1
| #define HAVE_SYS_STAT_H 1
| #define HAVE_STDLIB_H 1
| #define HAVE_STRING_H 1
| #define HAVE_MEMORY_H 1
| #define HAVE_STRINGS_H 1
| #define HAVE_INTTYPES_H 1
| #define HAVE_STDINT_H 1
| #define HAVE_UNISTD_H 1
| #define HAVE_FCNTL_H 1
| #define HAVE_INTTYPES_H 1
| #define HAVE_LIMITS_H 1
| #define HAVE_STDLIB_H 1
| #define HAVE_UNISTD_H 1
| #define HAVE__BOOL 1
| #define HAVE_STDBOOL_H 1
| /* end confdefs.h.  */
| #include <stdio.h>
| #ifdef HAVE_SYS_TYPES_H
| # include <sys/types.h>
| #endif
| #ifdef HAVE_SYS_STAT_H
| # include <sys/stat.h>
| #endif
| #ifdef STDC_HEADERS
| # include <stdlib.h>
| # include <stddef.h>
| #else
| # ifdef HAVE_STDLIB_H
| #  include <stdlib.h>
| # endif
| #endif
| #ifdef HAVE_STRING_H
| # if !defined STDC_HEADERS && defined HAVE_MEMORY_H
| #  include <memory.h>
| # endif
| # include <string.h>
| #endif
| #ifdef HAVE_STRINGS_H
| # include <strings.h>
| #endif
| #ifdef HAVE_INTTYPES_H
| # include <inttypes.h>
| #endif
| #ifdef HAVE_STDINT_H
| # include <stdint.h>
| #endif
| #ifdef HAVE_UNISTD_H
| # include <unistd.h>
| #endif
| int
| main ()
| {
| if (sizeof ((size_t)))
| 	    return 0;
|   ;
|   return 0;
| }
configure:5822: result: yes
configure:5833: checking for mode_t
configure:5833: gcc -c -g -O2  conftest.c >&5
configure:5833: $? = 0
configure:5833: gcc -c -g -O2  conftest.c >&5
conftest.c:69:21: error: expected expression
if (sizeof ((mode_t)))
                    ^
1 error generated.
configure:5833: $? = 1
configure: failed program was:
| /* confdefs.h */
| #define PACKAGE_NAME "AMOS Assembler"
| #define PACKAGE_TARNAME "amos"
| #define PACKAGE_VERSION "3.1.0"
| #define PACKAGE_STRING "AMOS Assembler 3.1.0"
| #define PACKAGE_BUGREPORT "amos-help@lists.sourceforge.net"
| #define PACKAGE_URL ""
| #define PACKAGE "amos"
| #define VERSION "3.1.0"
| #define HAVE_LIBM 1
| #define HAVE_LIBC 1
| #define HAVE_LIBZ 1
| #define HAVE_DIRENT_H 1
| #define STDC_HEADERS 1
| #define HAVE_SYS_WAIT_H 1
| #define HAVE_SYS_TYPES_H 1
| #define HAVE_SYS_STAT_H 1
| #define HAVE_STDLIB_H 1
| #define HAVE_STRING_H 1
| #define HAVE_MEMORY_H 1
| #define HAVE_STRINGS_H 1
| #define HAVE_INTTYPES_H 1
| #define HAVE_STDINT_H 1
| #define HAVE_UNISTD_H 1
| #define HAVE_FCNTL_H 1
| #define HAVE_INTTYPES_H 1
| #define HAVE_LIMITS_H 1
| #define HAVE_STDLIB_H 1
| #define HAVE_UNISTD_H 1
| #define HAVE__BOOL 1
| #define HAVE_STDBOOL_H 1
| /* end confdefs.h.  */
| #include <stdio.h>
| #ifdef HAVE_SYS_TYPES_H
| # include <sys/types.h>
| #endif
| #ifdef HAVE_SYS_STAT_H
| # include <sys/stat.h>
| #endif
| #ifdef STDC_HEADERS
| # include <stdlib.h>
| # include <stddef.h>
| #else
| # ifdef HAVE_STDLIB_H
| #  include <stdlib.h>
| # endif
| #endif
| #ifdef HAVE_STRING_H
| # if !defined STDC_HEADERS && defined HAVE_MEMORY_H
| #  include <memory.h>
| # endif
| # include <string.h>
| #endif
| #ifdef HAVE_STRINGS_H
| # include <strings.h>
| #endif
| #ifdef HAVE_INTTYPES_H
| # include <inttypes.h>
| #endif
| #ifdef HAVE_STDINT_H
| # include <stdint.h>
| #endif
| #ifdef HAVE_UNISTD_H
| # include <unistd.h>
| #endif
| int
| main ()
| {
| if (sizeof ((mode_t)))
| 	    return 0;
|   ;
|   return 0;
| }
configure:5833: result: yes
configure:5844: checking whether struct tm is in sys/time.h or time.h
configure:5864: gcc -c -g -O2  conftest.c >&5
configure:5864: $? = 0
configure:5871: result: time.h
configure:5879: checking whether byte ordering is bigendian
configure:5894: gcc -c -g -O2  conftest.c >&5
configure:5894: $? = 0
configure:5939: gcc -c -g -O2  conftest.c >&5
configure:5939: $? = 0
configure:5957: gcc -c -g -O2  conftest.c >&5
conftest.c:40:4: error: use of undeclared identifier 'not'
                 not big endian
                 ^
1 error generated.
configure:5957: $? = 1
configure: failed program was:
| /* confdefs.h */
| #define PACKAGE_NAME "AMOS Assembler"
| #define PACKAGE_TARNAME "amos"
| #define PACKAGE_VERSION "3.1.0"
| #define PACKAGE_STRING "AMOS Assembler 3.1.0"
| #define PACKAGE_BUGREPORT "amos-help@lists.sourceforge.net"
| #define PACKAGE_URL ""
| #define PACKAGE "amos"
| #define VERSION "3.1.0"
| #define HAVE_LIBM 1
| #define HAVE_LIBC 1
| #define HAVE_LIBZ 1
| #define HAVE_DIRENT_H 1
| #define STDC_HEADERS 1
| #define HAVE_SYS_WAIT_H 1
| #define HAVE_SYS_TYPES_H 1
| #define HAVE_SYS_STAT_H 1
| #define HAVE_STDLIB_H 1
| #define HAVE_STRING_H 1
| #define HAVE_MEMORY_H 1
| #define HAVE_STRINGS_H 1
| #define HAVE_INTTYPES_H 1
| #define HAVE_STDINT_H 1
| #define HAVE_UNISTD_H 1
| #define HAVE_FCNTL_H 1
| #define HAVE_INTTYPES_H 1
| #define HAVE_LIMITS_H 1
| #define HAVE_STDLIB_H 1
| #define HAVE_UNISTD_H 1
| #define HAVE__BOOL 1
| #define HAVE_STDBOOL_H 1
| /* end confdefs.h.  */
| #include <sys/types.h>
| 		#include <sys/param.h>
| 
| int
| main ()
| {
| #if BYTE_ORDER != BIG_ENDIAN
| 		 not big endian
| 		#endif
| 
|   ;
|   return 0;
| }
configure:6085: result: no
configure:6110: checking for special C compiler options needed for large files
configure:6155: result: no
configure:6161: checking for _FILE_OFFSET_BITS value needed for large files
configure:6186: gcc -c -g -O2  conftest.c >&5
configure:6186: $? = 0
configure:6218: result: no
configure:6302: checking whether bitfields are packed htol
configure:6333: gcc -o conftest -g -O2   conftest.c -lz -lc -lm  >&5
conftest.c:47:20: error: implicitly declaring library function 'exit' with type 'void (int) __attribute__((noreturn))' [-Werror,-Wimplicit-function-declaration]
                   exit(0);
                   ^
conftest.c:47:20: note: include the header <stdlib.h> or explicitly provide a declaration for 'exit'
1 error generated.
configure:6333: $? = 1
configure: program exited with status 1
configure: failed program was:
| /* confdefs.h */
| #define PACKAGE_NAME "AMOS Assembler"
| #define PACKAGE_TARNAME "amos"
| #define PACKAGE_VERSION "3.1.0"
| #define PACKAGE_STRING "AMOS Assembler 3.1.0"
| #define PACKAGE_BUGREPORT "amos-help@lists.sourceforge.net"
| #define PACKAGE_URL ""
| #define PACKAGE "amos"
| #define VERSION "3.1.0"
| #define HAVE_LIBM 1
| #define HAVE_LIBC 1
| #define HAVE_LIBZ 1
| #define HAVE_DIRENT_H 1
| #define STDC_HEADERS 1
| #define HAVE_SYS_WAIT_H 1
| #define HAVE_SYS_TYPES_H 1
| #define HAVE_SYS_STAT_H 1
| #define HAVE_STDLIB_H 1
| #define HAVE_STRING_H 1
| #define HAVE_MEMORY_H 1
| #define HAVE_STRINGS_H 1
| #define HAVE_INTTYPES_H 1
| #define HAVE_STDINT_H 1
| #define HAVE_UNISTD_H 1
| #define HAVE_FCNTL_H 1
| #define HAVE_INTTYPES_H 1
| #define HAVE_LIMITS_H 1
| #define HAVE_STDLIB_H 1
| #define HAVE_UNISTD_H 1
| #define HAVE__BOOL 1
| #define HAVE_STDBOOL_H 1
| /* end confdefs.h.  */
| 
| 
|                struct
|                {
|                  unsigned char a : 4;
|                  unsigned char b : 4;
|                } bf;
| 
|                int
|                main()
|                {
|                  char * p = (char *) &bf;
|                  *p = 0x12;
|                  if (bf.a == 1)
|                    exit(0);
|                  else
|                    exit(-1);
|                }
| 
| 
configure:6343: result: no
configure:6352: checking for X
configure:6460: gcc -E  conftest.c
conftest.c:33:10: fatal error: 'X11/Xlib.h' file not found
#include <X11/Xlib.h>
         ^~~~~~~~~~~~
1 error generated.
configure:6460: $? = 1
configure: failed program was:
| /* confdefs.h */
| #define PACKAGE_NAME "AMOS Assembler"
| #define PACKAGE_TARNAME "amos"
| #define PACKAGE_VERSION "3.1.0"
| #define PACKAGE_STRING "AMOS Assembler 3.1.0"
| #define PACKAGE_BUGREPORT "amos-help@lists.sourceforge.net"
| #define PACKAGE_URL ""
| #define PACKAGE "amos"
| #define VERSION "3.1.0"
| #define HAVE_LIBM 1
| #define HAVE_LIBC 1
| #define HAVE_LIBZ 1
| #define HAVE_DIRENT_H 1
| #define STDC_HEADERS 1
| #define HAVE_SYS_WAIT_H 1
| #define HAVE_SYS_TYPES_H 1
| #define HAVE_SYS_STAT_H 1
| #define HAVE_STDLIB_H 1
| #define HAVE_STRING_H 1
| #define HAVE_MEMORY_H 1
| #define HAVE_STRINGS_H 1
| #define HAVE_INTTYPES_H 1
| #define HAVE_STDINT_H 1
| #define HAVE_UNISTD_H 1
| #define HAVE_FCNTL_H 1
| #define HAVE_INTTYPES_H 1
| #define HAVE_LIMITS_H 1
| #define HAVE_STDLIB_H 1
| #define HAVE_UNISTD_H 1
| #define HAVE__BOOL 1
| #define HAVE_STDBOOL_H 1
| /* end confdefs.h.  */
| #include <X11/Xlib.h>
configure:6491: gcc -o conftest -g -O2   conftest.c -lX11 -lz -lc -lm  >&5
conftest.c:33:10: fatal error: 'X11/Xlib.h' file not found
#include <X11/Xlib.h>
         ^~~~~~~~~~~~
1 error generated.
configure:6491: $? = 1
configure: failed program was:
| /* confdefs.h */
| #define PACKAGE_NAME "AMOS Assembler"
| #define PACKAGE_TARNAME "amos"
| #define PACKAGE_VERSION "3.1.0"
| #define PACKAGE_STRING "AMOS Assembler 3.1.0"
| #define PACKAGE_BUGREPORT "amos-help@lists.sourceforge.net"
| #define PACKAGE_URL ""
| #define PACKAGE "amos"
| #define VERSION "3.1.0"
| #define HAVE_LIBM 1
| #define HAVE_LIBC 1
| #define HAVE_LIBZ 1
| #define HAVE_DIRENT_H 1
| #define STDC_HEADERS 1
| #define HAVE_SYS_WAIT_H 1
| #define HAVE_SYS_TYPES_H 1
| #define HAVE_SYS_STAT_H 1
| #define HAVE_STDLIB_H 1
| #define HAVE_STRING_H 1
| #define HAVE_MEMORY_H 1
| #define HAVE_STRINGS_H 1
| #define HAVE_INTTYPES_H 1
| #define HAVE_STDINT_H 1
| #define HAVE_UNISTD_H 1
| #define HAVE_FCNTL_H 1
| #define HAVE_INTTYPES_H 1
| #define HAVE_LIMITS_H 1
| #define HAVE_STDLIB_H 1
| #define HAVE_UNISTD_H 1
| #define HAVE__BOOL 1
| #define HAVE_STDBOOL_H 1
| /* end confdefs.h.  */
| #include <X11/Xlib.h>
| int
| main ()
| {
| XrmInitialize ()
|   ;
|   return 0;
| }
configure:6530: result: no
configure:7040: checking for Qt4
configure:7074: result: no
configure:7080: checking whether Qt4 works
configure:7183: result: no
configure:7201: checking for Boost
configure:7285: result: no
configure:7292: checking whether Boost works
configure:7367: result: no
configure:7378: checking for CA
configure:7420: result: no
configure:7428: checking whether CA works
configure:7489: result: no
configure:7504: checking getopt.h usability
configure:7504: gcc -c -g -O2  conftest.c >&5
configure:7504: $? = 0
configure:7504: result: yes
configure:7504: checking getopt.h presence
configure:7504: gcc -E  conftest.c
configure:7504: $? = 0
configure:7504: result: yes
configure:7504: checking for getopt.h
configure:7504: result: yes
configure:7518: checking for getopt_long_only
configure:7518: gcc -o conftest -g -O2   conftest.c -lz -lc -lm  >&5
configure:7518: $? = 0
configure:7518: result: yes
configure:7567: checking for working strtod
configure:7608: gcc -o conftest -g -O2   conftest.c -lz -lc -lm  >&5
configure:7608: $? = 0
configure:7608: ./conftest
configure:7608: $? = 0
configure:7618: result: yes
configure:7687: checking for isascii
configure:7687: gcc -o conftest -g -O2   conftest.c -lz -lc -lm  >&5
configure:7687: $? = 0
configure:7687: result: yes
configure:7719: checking for strtol
configure:7719: gcc -o conftest -g -O2   conftest.c -lz -lc -lm  >&5
conftest.c:60:6: warning: incompatible redeclaration of library function 'strtol' [-Wincompatible-library-redeclaration]
char strtol ();
     ^
conftest.c:60:6: note: 'strtol' is a builtin with type 'long (const char *, char **, int)'
1 warning generated.
configure:7719: $? = 0
configure:7719: result: yes
configure:7750: checking vfork.h usability
configure:7750: gcc -c -g -O2  conftest.c >&5
conftest.c:71:10: fatal error: 'vfork.h' file not found
#include <vfork.h>
         ^~~~~~~~~
1 error generated.
configure:7750: $? = 1
configure: failed program was:
| /* confdefs.h */
| #define PACKAGE_NAME "AMOS Assembler"
| #define PACKAGE_TARNAME "amos"
| #define PACKAGE_VERSION "3.1.0"
| #define PACKAGE_STRING "AMOS Assembler 3.1.0"
| #define PACKAGE_BUGREPORT "amos-help@lists.sourceforge.net"
| #define PACKAGE_URL ""
| #define PACKAGE "amos"
| #define VERSION "3.1.0"
| #define HAVE_LIBM 1
| #define HAVE_LIBC 1
| #define HAVE_LIBZ 1
| #define HAVE_DIRENT_H 1
| #define STDC_HEADERS 1
| #define HAVE_SYS_WAIT_H 1
| #define HAVE_SYS_TYPES_H 1
| #define HAVE_SYS_STAT_H 1
| #define HAVE_STDLIB_H 1
| #define HAVE_STRING_H 1
| #define HAVE_MEMORY_H 1
| #define HAVE_STRINGS_H 1
| #define HAVE_INTTYPES_H 1
| #define HAVE_STDINT_H 1
| #define HAVE_UNISTD_H 1
| #define HAVE_FCNTL_H 1
| #define HAVE_INTTYPES_H 1
| #define HAVE_LIMITS_H 1
| #define HAVE_STDLIB_H 1
| #define HAVE_UNISTD_H 1
| #define HAVE__BOOL 1
| #define HAVE_STDBOOL_H 1
| #define X_DISPLAY_MISSING 1
| #define HAVE_GETOPT_H 1
| #define HAVE_GETOPT_LONG_ONLY 1
| #define HAVE_ISASCII 1
| #define HAVE_STRTOL 1
| /* end confdefs.h.  */
| #include <stdio.h>
| #ifdef HAVE_SYS_TYPES_H
| # include <sys/types.h>
| #endif
| #ifdef HAVE_SYS_STAT_H
| # include <sys/stat.h>
| #endif
| #ifdef STDC_HEADERS
| # include <stdlib.h>
| # include <stddef.h>
| #else
| # ifdef HAVE_STDLIB_H
| #  include <stdlib.h>
| # endif
| #endif
| #ifdef HAVE_STRING_H
| # if !defined STDC_HEADERS && defined HAVE_MEMORY_H
| #  include <memory.h>
| # endif
| # include <string.h>
| #endif
| #ifdef HAVE_STRINGS_H
| # include <strings.h>
| #endif
| #ifdef HAVE_INTTYPES_H
| # include <inttypes.h>
| #endif
| #ifdef HAVE_STDINT_H
| # include <stdint.h>
| #endif
| #ifdef HAVE_UNISTD_H
| # include <unistd.h>
| #endif
| #include <vfork.h>
configure:7750: result: no
configure:7750: checking vfork.h presence
configure:7750: gcc -E  conftest.c
conftest.c:38:10: fatal error: 'vfork.h' file not found
#include <vfork.h>
         ^~~~~~~~~
1 error generated.
configure:7750: $? = 1
configure: failed program was:
| /* confdefs.h */
| #define PACKAGE_NAME "AMOS Assembler"
| #define PACKAGE_TARNAME "amos"
| #define PACKAGE_VERSION "3.1.0"
| #define PACKAGE_STRING "AMOS Assembler 3.1.0"
| #define PACKAGE_BUGREPORT "amos-help@lists.sourceforge.net"
| #define PACKAGE_URL ""
| #define PACKAGE "amos"
| #define VERSION "3.1.0"
| #define HAVE_LIBM 1
| #define HAVE_LIBC 1
| #define HAVE_LIBZ 1
| #define HAVE_DIRENT_H 1
| #define STDC_HEADERS 1
| #define HAVE_SYS_WAIT_H 1
| #define HAVE_SYS_TYPES_H 1
| #define HAVE_SYS_STAT_H 1
| #define HAVE_STDLIB_H 1
| #define HAVE_STRING_H 1
| #define HAVE_MEMORY_H 1
| #define HAVE_STRINGS_H 1
| #define HAVE_INTTYPES_H 1
| #define HAVE_STDINT_H 1
| #define HAVE_UNISTD_H 1
| #define HAVE_FCNTL_H 1
| #define HAVE_INTTYPES_H 1
| #define HAVE_LIMITS_H 1
| #define HAVE_STDLIB_H 1
| #define HAVE_UNISTD_H 1
| #define HAVE__BOOL 1
| #define HAVE_STDBOOL_H 1
| #define X_DISPLAY_MISSING 1
| #define HAVE_GETOPT_H 1
| #define HAVE_GETOPT_LONG_ONLY 1
| #define HAVE_ISASCII 1
| #define HAVE_STRTOL 1
| /* end confdefs.h.  */
| #include <vfork.h>
configure:7750: result: no
configure:7750: checking for vfork.h
configure:7750: result: no
configure:7763: checking for fork
configure:7763: gcc -o conftest -g -O2   conftest.c -lz -lc -lm  >&5
configure:7763: $? = 0
configure:7763: result: yes
configure:7763: checking for vfork
configure:7763: gcc -o conftest -g -O2   conftest.c -lz -lc -lm  >&5
conftest.c:62:6: warning: incompatible redeclaration of library function 'vfork' [-Wincompatible-library-redeclaration]
char vfork ();
     ^
conftest.c:62:6: note: 'vfork' is a builtin with type 'int (void)'
1 warning generated.
configure:7763: $? = 0
configure:7763: result: yes
configure:7773: checking for working fork
configure:7795: gcc -o conftest -g -O2   conftest.c -lz -lc -lm  >&5
configure:7795: $? = 0
configure:7795: ./conftest
configure:7795: $? = 0
configure:7805: result: yes
configure:7826: checking for working vfork
configure:7936: result: yes
configure:7964: checking sys/select.h usability
configure:7964: gcc -c -g -O2  conftest.c >&5
configure:7964: $? = 0
configure:7964: result: yes
configure:7964: checking sys/select.h presence
configure:7964: gcc -E  conftest.c
configure:7964: $? = 0
configure:7964: result: yes
configure:7964: checking for sys/select.h
configure:7964: result: yes
configure:7964: checking sys/socket.h usability
configure:7964: gcc -c -g -O2  conftest.c >&5
configure:7964: $? = 0
configure:7964: result: yes
configure:7964: checking sys/socket.h presence
configure:7964: gcc -E  conftest.c
configure:7964: $? = 0
configure:7964: result: yes
configure:7964: checking for sys/socket.h
configure:7964: result: yes
configure:7974: checking types of arguments for select
configure:8002: gcc -c -g -O2  conftest.c >&5
configure:8002: $? = 0
configure:8013: result: int,fd_set *,struct timeval *
configure:8038: checking for strftime
configure:8038: gcc -o conftest -g -O2   conftest.c -lz -lc -lm  >&5
configure:8038: $? = 0
configure:8038: result: yes
configure:8109: checking for dup2
configure:8109: gcc -o conftest -g -O2   conftest.c -lz -lc -lm  >&5
configure:8109: $? = 0
configure:8109: result: yes
configure:8109: checking for floor
configure:8109: gcc -o conftest -g -O2   conftest.c -lz -lc -lm  >&5
conftest.c:72:6: warning: incompatible redeclaration of library function 'floor' [-Wincompatible-library-redeclaration]
char floor ();
     ^
conftest.c:72:6: note: 'floor' is a builtin with type 'double (double)'
1 warning generated.
configure:8109: $? = 0
configure:8109: result: yes
configure:8109: checking for localtime
configure:8109: gcc -o conftest -g -O2   conftest.c -lz -lc -lm  >&5
configure:8109: $? = 0
configure:8109: result: yes
configure:8109: checking for lstat
configure:8109: gcc -o conftest -g -O2   conftest.c -lz -lc -lm  >&5
configure:8109: $? = 0
configure:8109: result: yes
configure:8109: checking for memmove
configure:8109: gcc -o conftest -g -O2   conftest.c -lz -lc -lm  >&5
conftest.c:75:6: warning: incompatible redeclaration of library function 'memmove' [-Wincompatible-library-redeclaration]
char memmove ();
     ^
conftest.c:75:6: note: 'memmove' is a builtin with type 'void *(void *, const void *, unsigned long)'
1 warning generated.
configure:8109: $? = 0
configure:8109: result: yes
configure:8109: checking for memset
configure:8109: gcc -o conftest -g -O2   conftest.c -lz -lc -lm  >&5
conftest.c:76:6: warning: incompatible redeclaration of library function 'memset' [-Wincompatible-library-redeclaration]
char memset ();
     ^
conftest.c:76:6: note: 'memset' is a builtin with type 'void *(void *, int, unsigned long)'
1 warning generated.
configure:8109: $? = 0
configure:8109: result: yes
configure:8109: checking for mkdir
configure:8109: gcc -o conftest -g -O2   conftest.c -lz -lc -lm  >&5
configure:8109: $? = 0
configure:8109: result: yes
configure:8109: checking for pow
configure:8109: gcc -o conftest -g -O2   conftest.c -lz -lc -lm  >&5
conftest.c:78:6: warning: incompatible redeclaration of library function 'pow' [-Wincompatible-library-redeclaration]
char pow ();
     ^
conftest.c:78:6: note: 'pow' is a builtin with type 'double (double, double)'
1 warning generated.
configure:8109: $? = 0
configure:8109: result: yes
configure:8109: checking for rmdir
configure:8109: gcc -o conftest -g -O2   conftest.c -lz -lc -lm  >&5
configure:8109: $? = 0
configure:8109: result: yes
configure:8109: checking for sqrt
configure:8109: gcc -o conftest -g -O2   conftest.c -lz -lc -lm  >&5
conftest.c:80:6: warning: incompatible redeclaration of library function 'sqrt' [-Wincompatible-library-redeclaration]
char sqrt ();
     ^
conftest.c:80:6: note: 'sqrt' is a builtin with type 'double (double)'
1 warning generated.
configure:8109: $? = 0
configure:8109: result: yes
configure:8109: checking for stat
configure:8109: gcc -o conftest -g -O2   conftest.c -lz -lc -lm  >&5
configure:8109: $? = 0
configure:8109: result: yes
configure:8109: checking for strchr
configure:8109: gcc -o conftest -g -O2   conftest.c -lz -lc -lm  >&5
conftest.c:82:6: warning: incompatible redeclaration of library function 'strchr' [-Wincompatible-library-redeclaration]
char strchr ();
     ^
conftest.c:82:6: note: 'strchr' is a builtin with type 'char *(const char *, int)'
1 warning generated.
configure:8109: $? = 0
configure:8109: result: yes
configure:8109: checking for strdup
configure:8109: gcc -o conftest -g -O2   conftest.c -lz -lc -lm  >&5
conftest.c:83:6: warning: incompatible redeclaration of library function 'strdup' [-Wincompatible-library-redeclaration]
char strdup ();
     ^
conftest.c:83:6: note: 'strdup' is a builtin with type 'char *(const char *)'
1 warning generated.
configure:8109: $? = 0
configure:8109: result: yes
configure:8109: checking for strstr
configure:8109: gcc -o conftest -g -O2   conftest.c -lz -lc -lm  >&5
conftest.c:84:6: warning: incompatible redeclaration of library function 'strstr' [-Wincompatible-library-redeclaration]
char strstr ();
     ^
conftest.c:84:6: note: 'strstr' is a builtin with type 'char *(const char *, const char *)'
1 warning generated.
configure:8109: $? = 0
configure:8109: result: yes
configure:8127: checking build system type
configure:8141: result: i386-apple-darwin19.6.0
configure:8161: checking host system type
configure:8174: result: i386-apple-darwin19.6.0
configure:8204: checking whether to build AMOScmp
configure:8211: result: no
configure:8230: checking whether to build minimus
configure:8237: result: no
configure:8256: checking whether to build Simulator
configure:8263: result: no
configure:8282: checking whether to build Experimental
configure:8289: result: no
configure:8308: checking whether to build all
configure:8315: result: yes
configure:8524: creating ./config.status

## ---------------------- ##
## Running config.status. ##
## ---------------------- ##

This file was extended by AMOS Assembler config.status 3.1.0, which was
generated by GNU Autoconf 2.68.  Invocation command line was

  CONFIG_FILES    = 
  CONFIG_HEADERS  = 
  CONFIG_LINKS    = 
  CONFIG_COMMANDS = 
  $ ./config.status 

on DBest-M83.local.dhcp.lbl.gov

config.status:991: creating Makefile
config.status:991: creating doc/Makefile
config.status:991: creating src/Makefile
config.status:991: creating src/GNU/Makefile
config.status:991: creating src/AMOS/Makefile
config.status:991: creating src/Bambus/Makefile
config.status:991: creating src/Bambus/Bundler/Makefile
config.status:991: creating src/Bambus/Output/Makefile
config.status:991: creating src/Bambus/Untangler/Makefile
config.status:991: creating src/Common/Makefile
config.status:991: creating src/Graph/Makefile
config.status:991: creating src/Slice/Makefile
config.status:991: creating src/CelMsg/Makefile
config.status:991: creating src/Message/Makefile
config.status:991: creating src/Bank/Makefile
config.status:991: creating src/Align/Makefile
config.status:991: creating src/Tigger/Makefile
config.status:991: creating src/Compare/Makefile
config.status:991: creating src/Casm/Makefile
config.status:991: creating src/CtgTrim/Makefile
config.status:991: creating src/Sim/Makefile
config.status:991: creating src/Validation/Makefile
config.status:991: creating src/Converters/Makefile
config.status:991: creating src/Utils/Makefile
config.status:991: creating src/PerlModules/Makefile
config.status:991: creating src/PythonModules/Makefile
config.status:991: creating src/Pipeline/Makefile
config.status:991: creating src/Staden/Makefile
config.status:991: creating src/Staden/read/Makefile
config.status:991: creating src/Staden/progs/Makefile
config.status:991: creating src/Contig/Makefile
config.status:991: creating src/Foundation/Makefile
config.status:991: creating src/hawkeye/Makefile
config.status:991: creating src/Experimental/Makefile
config.status:991: creating config.h
config.status:1220: executing depfiles commands

## ---------------- ##
## Cache variables. ##
## ---------------- ##

CONDA_BACKUP_ac_cv_func_malloc_0_nonnull=yes
CONDA_BACKUP_ac_cv_func_realloc_0_nonnull=yes
ac_cv_boost_test_result=no
ac_cv_build=i386-apple-darwin19.6.0
ac_cv_c_bigendian=no
ac_cv_c_bitfields_htol=no
ac_cv_c_compiler_gnu=yes
ac_cv_c_const=yes
ac_cv_c_inline=inline
ac_cv_ca_test_result=no
ac_cv_cxx_compiler_gnu=yes
ac_cv_enable_AMOScmp=no
ac_cv_enable_Experimental=no
ac_cv_enable_Simulator=no
ac_cv_enable_all=yes
ac_cv_enable_minimus=no
ac_cv_env_BLAT_set=
ac_cv_env_BLAT_value=
ac_cv_env_CCC_set=
ac_cv_env_CCC_value=
ac_cv_env_CC_set=
ac_cv_env_CC_value=
ac_cv_env_CFLAGS_set=
ac_cv_env_CFLAGS_value=
ac_cv_env_CPPFLAGS_set=
ac_cv_env_CPPFLAGS_value=
ac_cv_env_CPP_set=
ac_cv_env_CPP_value=
ac_cv_env_CXXFLAGS_set=
ac_cv_env_CXXFLAGS_value=
ac_cv_env_CXX_set=
ac_cv_env_CXX_value=
ac_cv_env_DELTAFILTER_set=
ac_cv_env_DELTAFILTER_value=
ac_cv_env_LDFLAGS_set=
ac_cv_env_LDFLAGS_value=
ac_cv_env_LIBS_set=
ac_cv_env_LIBS_value=
ac_cv_env_NUCMER_set=
ac_cv_env_NUCMER_value=
ac_cv_env_PERL_set=
ac_cv_env_PERL_value=
ac_cv_env_PYTHON_set=
ac_cv_env_PYTHON_value=
ac_cv_env_SHOWCOORDS_set=
ac_cv_env_SHOWCOORDS_value=
ac_cv_env_XMKMF_set=
ac_cv_env_XMKMF_value=
ac_cv_env_build_alias_set=
ac_cv_env_build_alias_value=
ac_cv_env_host_alias_set=
ac_cv_env_host_alias_value=
ac_cv_env_target_alias_set=
ac_cv_env_target_alias_value=
ac_cv_func_dup2=yes
ac_cv_func_floor=yes
ac_cv_func_fork=yes
ac_cv_func_fork_works=yes
ac_cv_func_getopt_long_only=yes
ac_cv_func_isascii=yes
ac_cv_func_localtime=yes
ac_cv_func_lstat=yes
ac_cv_func_memmove=yes
ac_cv_func_memset=yes
ac_cv_func_mkdir=yes
ac_cv_func_pow=yes
ac_cv_func_rmdir=yes
ac_cv_func_select_args='int,fd_set *,struct timeval *'
ac_cv_func_sqrt=yes
ac_cv_func_stat=yes
ac_cv_func_strchr=yes
ac_cv_func_strdup=yes
ac_cv_func_strftime=yes
ac_cv_func_strstr=yes
ac_cv_func_strtod=yes
ac_cv_func_strtol=yes
ac_cv_func_vfork=yes
ac_cv_func_vfork_works=yes
ac_cv_have_boost=have_boost=no
ac_cv_have_x=have_x=no
ac_cv_header_dirent_dirent_h=yes
ac_cv_header_fcntl_h=yes
ac_cv_header_getopt_h=yes
ac_cv_header_inttypes_h=yes
ac_cv_header_limits_h=yes
ac_cv_header_memory_h=yes
ac_cv_header_stdbool_h=yes
ac_cv_header_stdc=yes
ac_cv_header_stdint_h=yes
ac_cv_header_stdlib_h=yes
ac_cv_header_string_h=yes
ac_cv_header_strings_h=yes
ac_cv_header_sys_select_h=yes
ac_cv_header_sys_socket_h=yes
ac_cv_header_sys_stat_h=yes
ac_cv_header_sys_types_h=yes
ac_cv_header_sys_wait_h=yes
ac_cv_header_unistd_h=yes
ac_cv_header_vfork_h=no
ac_cv_host=i386-apple-darwin19.6.0
ac_cv_lib_c_fopen=yes
ac_cv_lib_m_pow=yes
ac_cv_lib_z_main=yes
ac_cv_objext=o
ac_cv_path_BLAT=:
ac_cv_path_DELTAFILTER=/Users/DBest/opt/anaconda3/envs/assemblers/bin/delta-filter
ac_cv_path_EGREP='/usr/bin/grep -E'
ac_cv_path_GREP=/usr/bin/grep
ac_cv_path_NUCMER=/Users/DBest/opt/anaconda3/envs/assemblers/bin/nucmer
ac_cv_path_PERL=/Users/DBest/opt/anaconda3/envs/assemblers/bin/perl
ac_cv_path_PYTHON=/Users/DBest/opt/anaconda3/envs/assemblers/bin/python
ac_cv_path_SHOWCOORDS=/Users/DBest/opt/anaconda3/envs/assemblers/bin/show-coords
ac_cv_path_install='/usr/bin/install -c'
ac_cv_prog_AWK=awk
ac_cv_prog_CPP='gcc -E'
ac_cv_prog_ac_ct_CC=gcc
ac_cv_prog_ac_ct_CXX=g++
ac_cv_prog_ac_ct_RANLIB=ranlib
ac_cv_prog_cc_c89=
ac_cv_prog_cc_g=yes
ac_cv_prog_cxx_g=yes
ac_cv_prog_make_make_set=yes
ac_cv_qt_test_result=no
ac_cv_search_opendir='none required'
ac_cv_struct_tm=time.h
ac_cv_sys_file_offset_bits=no
ac_cv_sys_largefile_CC=no
ac_cv_type__Bool=yes
ac_cv_type_mode_t=yes
ac_cv_type_pid_t=yes
ac_cv_type_size_t=yes
am_cv_CC_dependencies_compiler_type=gcc3
am_cv_CXX_dependencies_compiler_type=gcc3

## ----------------- ##
## Output variables. ##
## ----------------- ##

ACLOCAL='${SHELL} /Users/DBest/Software/docker/amos/amos-3.1.0/config/missing --run aclocal-1.11'
AMDEPBACKSLASH='\'
AMDEP_FALSE='#'
AMDEP_TRUE=''
AMTAR='${SHELL} /Users/DBest/Software/docker/amos/amos-3.1.0/config/missing --run tar'
AUTOCONF='${SHELL} /Users/DBest/Software/docker/amos/amos-3.1.0/config/missing --run autoconf'
AUTOHEADER='${SHELL} /Users/DBest/Software/docker/amos/amos-3.1.0/config/missing --run autoheader'
AUTOMAKE='${SHELL} /Users/DBest/Software/docker/amos/amos-3.1.0/config/missing --run automake-1.11'
AWK='awk'
BLAT=':'
BOOST_CXXFLAGS=''
BOOST_DIR=''
BUILD_AMOScmp_FALSE=''
BUILD_AMOScmp_TRUE='#'
BUILD_BOOST_FALSE=''
BUILD_BOOST_TRUE='#'
BUILD_Experimental_FALSE=''
BUILD_Experimental_TRUE='#'
BUILD_LIBZ_FALSE='#'
BUILD_LIBZ_TRUE=''
BUILD_QT4_FALSE=''
BUILD_QT4_TRUE='#'
BUILD_Simulator_FALSE=''
BUILD_Simulator_TRUE='#'
BUILD_all_FALSE='#'
BUILD_all_TRUE=''
BUILD_minimus_FALSE=''
BUILD_minimus_TRUE='#'
CA_CXXFLAGS=''
CA_DIR=''
CA_LDADD=''
CC='gcc'
CCDEPMODE='depmode=gcc3'
CFLAGS='-g -O2'
CPP='gcc -E'
CPPFLAGS=''
CXX='g++'
CXXDEPMODE='depmode=gcc3'
CXXFLAGS='-g -O2'
CYGPATH_W='echo'
DEFS='-DHAVE_CONFIG_H'
DELTAFILTER='/Users/DBest/opt/anaconda3/envs/assemblers/bin/delta-filter'
DEPDIR='.deps'
ECHO_C='\c'
ECHO_N=''
ECHO_T=''
EGREP='/usr/bin/grep -E'
EXEEXT=''
GETOPT_H=''
GREP='/usr/bin/grep'
INSTALL_DATA='${INSTALL} -m 644'
INSTALL_PROGRAM='${INSTALL}'
INSTALL_SCRIPT='${INSTALL}'
INSTALL_STRIP_PROGRAM='$(install_sh) -c -s'
LDFLAGS=''
LIBOBJS=''
LIBS='-lz -lc -lm '
LN_S='ln -s'
LTLIBOBJS=''
MAKEINFO='${SHELL} /Users/DBest/Software/docker/amos/amos-3.1.0/config/missing --run makeinfo'
MKDIR_P='config/install-sh -c -d'
NUCMER='/Users/DBest/opt/anaconda3/envs/assemblers/bin/nucmer'
OBJEXT='o'
PACKAGE='amos'
PACKAGE_BUGREPORT='amos-help@lists.sourceforge.net'
PACKAGE_NAME='AMOS Assembler'
PACKAGE_STRING='AMOS Assembler 3.1.0'
PACKAGE_TARNAME='amos'
PACKAGE_URL=''
PACKAGE_VERSION='3.1.0'
PATH_SEPARATOR=':'
PERL='/Users/DBest/opt/anaconda3/envs/assemblers/bin/perl'
POW_LIB=''
PYTHON='/Users/DBest/opt/anaconda3/envs/assemblers/bin/python'
QT_CXXFLAGS=''
QT_LIBS=''
QT_MOC=''
QT_QMAKE=''
RANLIB='ranlib'
SET_MAKE=''
SHELL='/bin/sh'
SHOWCOORDS='/Users/DBest/opt/anaconda3/envs/assemblers/bin/show-coords'
STRIP=''
VERSION='3.1.0'
XMKMF=''
X_CFLAGS=''
X_EXTRA_LIBS=''
X_LIBS=''
X_PRE_LIBS=''
ac_ct_CC='gcc'
ac_ct_CXX='g++'
am__EXEEXT_FALSE=''
am__EXEEXT_TRUE='#'
am__fastdepCC_FALSE='#'
am__fastdepCC_TRUE=''
am__fastdepCXX_FALSE='#'
am__fastdepCXX_TRUE=''
am__include='include'
am__isrc=''
am__leading_dot='.'
am__quote=''
am__tar='${AMTAR} chof - "$$tardir"'
am__untar='${AMTAR} xf -'
amosincludedir='${prefix}/include/AMOS'
amoslibdir='${exec_prefix}/lib/AMOS'
bindir='${exec_prefix}/bin'
build='i386-apple-darwin19.6.0'
build_alias=''
build_cpu='i386'
build_os='darwin19.6.0'
build_vendor='apple'
datadir='${datarootdir}'
datarootdir='${prefix}/share'
docdir='${datarootdir}/doc/amos-3.1.0'
dvidir='${docdir}'
exec_prefix='${prefix}'
host='i386-apple-darwin19.6.0'
host_alias=''
host_cpu='i386'
host_os='darwin19.6.0'
host_vendor='apple'
htmldir='${docdir}'
includedir='${prefix}/include'
infodir='${datarootdir}/info'
install_sh='${SHELL} /Users/DBest/Software/docker/amos/amos-3.1.0/config/install-sh'
libdir='${exec_prefix}/lib'
libexecdir='${exec_prefix}/libexec'
localedir='${datarootdir}/locale'
localstatedir='${prefix}/var'
mandir='${datarootdir}/man'
mkdir_p='$(top_builddir)/config/install-sh -c -d'
oldincludedir='/usr/include'
pdfdir='${docdir}'
prefix='/Users/DBest/bin'
program_transform_name='s,x,x,'
psdir='${docdir}'
sbindir='${exec_prefix}/sbin'
sharedstatedir='${prefix}/com'
sysconfdir='${prefix}/etc'
target_alias=''
tigrincludedir='${prefix}/include/TIGR'
tigrlibdir='${exec_prefix}/lib/TIGR'

## ----------- ##
## confdefs.h. ##
## ----------- ##

/* confdefs.h */
#define PACKAGE_NAME "AMOS Assembler"
#define PACKAGE_TARNAME "amos"
#define PACKAGE_VERSION "3.1.0"
#define PACKAGE_STRING "AMOS Assembler 3.1.0"
#define PACKAGE_BUGREPORT "amos-help@lists.sourceforge.net"
#define PACKAGE_URL ""
#define PACKAGE "amos"
#define VERSION "3.1.0"
#define HAVE_LIBM 1
#define HAVE_LIBC 1
#define HAVE_LIBZ 1
#define HAVE_DIRENT_H 1
#define STDC_HEADERS 1
#define HAVE_SYS_WAIT_H 1
#define HAVE_SYS_TYPES_H 1
#define HAVE_SYS_STAT_H 1
#define HAVE_STDLIB_H 1
#define HAVE_STRING_H 1
#define HAVE_MEMORY_H 1
#define HAVE_STRINGS_H 1
#define HAVE_INTTYPES_H 1
#define HAVE_STDINT_H 1
#define HAVE_UNISTD_H 1
#define HAVE_FCNTL_H 1
#define HAVE_INTTYPES_H 1
#define HAVE_LIMITS_H 1
#define HAVE_STDLIB_H 1
#define HAVE_UNISTD_H 1
#define HAVE__BOOL 1
#define HAVE_STDBOOL_H 1
#define X_DISPLAY_MISSING 1
#define HAVE_GETOPT_H 1
#define HAVE_GETOPT_LONG_ONLY 1
#define HAVE_ISASCII 1
#define HAVE_STRTOL 1
#define HAVE_FORK 1
#define HAVE_VFORK 1
#define HAVE_WORKING_VFORK 1
#define HAVE_WORKING_FORK 1
#define HAVE_SYS_SELECT_H 1
#define HAVE_SYS_SOCKET_H 1
#define SELECT_TYPE_ARG1 int
#define SELECT_TYPE_ARG234 (fd_set *)
#define SELECT_TYPE_ARG5 (struct timeval *)
#define HAVE_STRFTIME 1
#define HAVE_DUP2 1
#define HAVE_FLOOR 1
#define HAVE_LOCALTIME 1
#define HAVE_LSTAT 1
#define HAVE_MEMMOVE 1
#define HAVE_MEMSET 1
#define HAVE_MKDIR 1
#define HAVE_POW 1
#define HAVE_RMDIR 1
#define HAVE_SQRT 1
#define HAVE_STAT 1
#define HAVE_STRCHR 1
#define HAVE_STRDUP 1
#define HAVE_STRSTR 1

configure: exit 0
